<?xml version="1.0" encoding="UTF-8"?>
<Site BuildName="(empty)"
	BuildStamp="20240727-0544-Experimental"
	Name="(empty)"
	Generator="ctest-3.26.5"
	CompilerName=""
	CompilerVersion=""
	OSName="Linux"
	Hostname="atcults"
	OSRelease="5.14.0-480.el9.x86_64"
	OSVersion="#1 SMP PREEMPT_DYNAMIC Fri Jul 12 20:45:27 UTC 2024"
	OSPlatform="x86_64"
	Is64Bits="1"
	VendorString="GenuineIntel"
	VendorID="Intel Corporation"
	FamilyID="6"
	ModelID="69"
	ProcessorCacheSize="4096"
	NumberOfLogicalCPU="4"
	NumberOfPhysicalCPU="2"
	TotalVirtualMemory="7999"
	TotalPhysicalMemory="15612"
	LogicalProcessorsPerPhysical="2"
	ProcessorClockFrequency="2893.42"
	>
	<Testing>
		<StartDateTime>Jul 27 11:14 IST</StartDateTime>
		<StartTestTime>1722059080</StartTestTime>
		<TestList/>
		<EndDateTime>Jul 27 11:14 IST</EndDateTime>
		<EndTestTime>1722059080</EndTestTime>
		<ElapsedMinutes>0</ElapsedMinutes>
	</Testing>
</Site>
